Build started 27/01/2015 10:57:15.
     1>Project "\\GWSCISTUD\STUD\G00308303\Documents\Visual Studio 2010\Projects\dynamic memory 2\dynamic memory 2\dynamic memory 2.vcxproj" on node 2 (build target(s)).
     1>InitializeBuildStatus:
         Creating "Debug\dynamic memory 2.unsuccessfulbuild" because "AlwaysCreate" was specified.
       ClCompile:
         c:\Program Files (x86)\Microsoft Visual Studio 10.0\VC\bin\CL.exe /c /ZI /nologo /W3 /WX- /Od /Oy- /D _MBCS /Gm /EHsc /RTC1 /MDd /GS /fp:precise /Zc:wchar_t /Zc:forScope /Fo"Debug\\" /Fd"Debug\vc100.pdb" /Gd /TC /analyze- /errorReport:prompt dynamicmemory2.c
         dynamicmemory2.c
     1>\\gwscistud\stud\g00308303\documents\visual studio 2010\projects\dynamic memory 2\dynamic memory 2\dynamicmemory2.c(19): warning C4996: 'scanf': This function or variable may be unsafe. Consider using scanf_s instead. To disable deprecation, use _CRT_SECURE_NO_WARNINGS. See online help for details.
                 c:\program files (x86)\microsoft visual studio 10.0\vc\include\stdio.h(304) : see declaration of 'scanf'
     1>\\gwscistud\stud\g00308303\documents\visual studio 2010\projects\dynamic memory 2\dynamic memory 2\dynamicmemory2.c(23): warning C4996: 'scanf': This function or variable may be unsafe. Consider using scanf_s instead. To disable deprecation, use _CRT_SECURE_NO_WARNINGS. See online help for details.
                 c:\program files (x86)\microsoft visual studio 10.0\vc\include\stdio.h(304) : see declaration of 'scanf'
       Link:
         c:\Program Files (x86)\Microsoft Visual Studio 10.0\VC\bin\link.exe /ERRORREPORT:PROMPT /OUT:"\\GWSCISTUD\STUD\G00308303\Documents\Visual Studio 2010\Projects\dynamic memory 2\Debug\dynamic memory 2.exe" /NOLOGO kernel32.lib user32.lib gdi32.lib winspool.lib comdlg32.lib advapi32.lib shell32.lib ole32.lib oleaut32.lib uuid.lib odbc32.lib odbccp32.lib /MANIFEST /ManifestFile:"Debug\dynamic memory 2.exe.intermediate.manifest" /MANIFESTUAC:"level='asInvoker' uiAccess='false'" /DEBUG /PDB:"\\GWSCISTUD\STUD\G00308303\Documents\Visual Studio 2010\Projects\dynamic memory 2\Debug\dynamic memory 2.pdb" /TLBID:1 /DYNAMICBASE /NXCOMPAT /IMPLIB:"\\GWSCISTUD\STUD\G00308303\Documents\Visual Studio 2010\Projects\dynamic memory 2\Debug\dynamic memory 2.lib" /MACHINE:X86 Debug\dynamicmemory2.obj
         LINK : \\GWSCISTUD\STUD\G00308303\Documents\Visual Studio 2010\Projects\dynamic memory 2\Debug\dynamic memory 2.exe not found or not built by the last incremental link; performing full link
         dynamic memory 2.vcxproj -> \\GWSCISTUD\STUD\G00308303\Documents\Visual Studio 2010\Projects\dynamic memory 2\Debug\dynamic memory 2.exe
       Manifest:
         C:\Program Files (x86)\Microsoft SDKs\Windows\v7.0A\bin\mt.exe /nologo /verbose /outputresource:"\\GWSCISTUD\STUD\G00308303\Documents\Visual Studio 2010\Projects\dynamic memory 2\Debug\dynamic memory 2.exe;#1" /manifest "Debug\dynamic memory 2.exe.intermediate.manifest"
       FinalizeBuildStatus:
         Deleting file "Debug\dynamic memory 2.unsuccessfulbuild".
         Touching "Debug\dynamic memory 2.lastbuildstate".
     1>Done Building Project "\\GWSCISTUD\STUD\G00308303\Documents\Visual Studio 2010\Projects\dynamic memory 2\dynamic memory 2\dynamic memory 2.vcxproj" (build target(s)).

Build succeeded.

Time Elapsed 00:00:00.94
