Build started 24/02/2015 10:45:16.
     1>Project "\\Gwscistud\stud\G00308303\Documents\Visual Studio 2010\Projects\linked-list\linked-list\linked-list.vcxproj" on node 2 (build target(s)).
     1>InitializeBuildStatus:
         Creating "Debug\linked-list.unsuccessfulbuild" because "AlwaysCreate" was specified.
       ClCompile:
         c:\Program Files (x86)\Microsoft Visual Studio 10.0\VC\bin\CL.exe /c /ZI /nologo /W3 /WX- /Od /Oy- /D _MBCS /Gm /EHsc /RTC1 /MDd /GS /fp:precise /Zc:wchar_t /Zc:forScope /Fo"Debug\\" /Fd"Debug\vc100.pdb" /Gd /TC /analyze- /errorReport:prompt linkedlist.c
         linkedlist.c
     1>\\gwscistud\stud\g00308303\documents\visual studio 2010\projects\linked-list\linked-list\linkedlist.c(34): warning C4996: 'scanf': This function or variable may be unsafe. Consider using scanf_s instead. To disable deprecation, use _CRT_SECURE_NO_WARNINGS. See online help for details.
                 c:\program files (x86)\microsoft visual studio 10.0\vc\include\stdio.h(304) : see declaration of 'scanf'
     1>\\gwscistud\stud\g00308303\documents\visual studio 2010\projects\linked-list\linked-list\linkedlist.c(112): warning C4101: 'i' : unreferenced local variable
     1>\\gwscistud\stud\g00308303\documents\visual studio 2010\projects\linked-list\linked-list\linkedlist.c(163): warning C4996: 'scanf': This function or variable may be unsafe. Consider using scanf_s instead. To disable deprecation, use _CRT_SECURE_NO_WARNINGS. See online help for details.
                 c:\program files (x86)\microsoft visual studio 10.0\vc\include\stdio.h(304) : see declaration of 'scanf'
     1>\\gwscistud\stud\g00308303\documents\visual studio 2010\projects\linked-list\linked-list\linkedlist.c(180): warning C4996: 'scanf': This function or variable may be unsafe. Consider using scanf_s instead. To disable deprecation, use _CRT_SECURE_NO_WARNINGS. See online help for details.
                 c:\program files (x86)\microsoft visual studio 10.0\vc\include\stdio.h(304) : see declaration of 'scanf'
       Link:
         c:\Program Files (x86)\Microsoft Visual Studio 10.0\VC\bin\link.exe /ERRORREPORT:PROMPT /OUT:"\\Gwscistud\stud\G00308303\Documents\Visual Studio 2010\Projects\linked-list\Debug\linked-list.exe" /NOLOGO kernel32.lib user32.lib gdi32.lib winspool.lib comdlg32.lib advapi32.lib shell32.lib ole32.lib oleaut32.lib uuid.lib odbc32.lib odbccp32.lib /MANIFEST /ManifestFile:"Debug\linked-list.exe.intermediate.manifest" /MANIFESTUAC:"level='asInvoker' uiAccess='false'" /DEBUG /PDB:"\\Gwscistud\stud\G00308303\Documents\Visual Studio 2010\Projects\linked-list\Debug\linked-list.pdb" /TLBID:1 /DYNAMICBASE /NXCOMPAT /IMPLIB:"\\Gwscistud\stud\G00308303\Documents\Visual Studio 2010\Projects\linked-list\Debug\linked-list.lib" /MACHINE:X86 Debug\linkedlist.obj
         LINK : \\Gwscistud\stud\G00308303\Documents\Visual Studio 2010\Projects\linked-list\Debug\linked-list.exe not found or not built by the last incremental link; performing full link
         linked-list.vcxproj -> \\Gwscistud\stud\G00308303\Documents\Visual Studio 2010\Projects\linked-list\Debug\linked-list.exe
       Manifest:
         C:\Program Files (x86)\Microsoft SDKs\Windows\v7.0A\bin\mt.exe /nologo /verbose /outputresource:"\\Gwscistud\stud\G00308303\Documents\Visual Studio 2010\Projects\linked-list\Debug\linked-list.exe;#1" /manifest "Debug\linked-list.exe.intermediate.manifest"
       FinalizeBuildStatus:
         Deleting file "Debug\linked-list.unsuccessfulbuild".
         Touching "Debug\linked-list.lastbuildstate".
     1>Done Building Project "\\Gwscistud\stud\G00308303\Documents\Visual Studio 2010\Projects\linked-list\linked-list\linked-list.vcxproj" (build target(s)).

Build succeeded.

Time Elapsed 00:00:00.80
