Build started 20/01/2015 09:32:04.
     1>Project "\\gwscistud\stud\g00308303\documents\visual studio 2010\Projects\pointerslab\pointerslab\pointerslab.vcxproj" on node 2 (build target(s)).
     1>InitializeBuildStatus:
         Creating "Debug\pointerslab.unsuccessfulbuild" because "AlwaysCreate" was specified.
       ClCompile:
         c:\Program Files (x86)\Microsoft Visual Studio 10.0\VC\bin\CL.exe /c /ZI /nologo /W3 /WX- /Od /Oy- /D _MBCS /Gm /EHsc /RTC1 /MDd /GS /fp:precise /Zc:wchar_t /Zc:forScope /Fo"Debug\\" /Fd"Debug\vc100.pdb" /Gd /TC /analyze- /errorReport:prompt pointersAdresses.c
         pointersAdresses.c
     1>\\gwscistud\stud\g00308303\documents\visual studio 2010\projects\pointerslab\pointerslab\pointersadresses.c(8): warning C4305: 'initializing' : truncation from 'double' to 'float'
       Link:
         c:\Program Files (x86)\Microsoft Visual Studio 10.0\VC\bin\link.exe /ERRORREPORT:PROMPT /OUT:"\\gwscistud\stud\g00308303\documents\visual studio 2010\Projects\pointerslab\Debug\pointerslab.exe" /NOLOGO kernel32.lib user32.lib gdi32.lib winspool.lib comdlg32.lib advapi32.lib shell32.lib ole32.lib oleaut32.lib uuid.lib odbc32.lib odbccp32.lib /MANIFEST /ManifestFile:"Debug\pointerslab.exe.intermediate.manifest" /MANIFESTUAC:"level='asInvoker' uiAccess='false'" /DEBUG /PDB:"\\gwscistud\stud\g00308303\documents\visual studio 2010\Projects\pointerslab\Debug\pointerslab.pdb" /TLBID:1 /DYNAMICBASE /NXCOMPAT /IMPLIB:"\\gwscistud\stud\g00308303\documents\visual studio 2010\Projects\pointerslab\Debug\pointerslab.lib" /MACHINE:X86 Debug\pointersAdresses.obj
         LINK : \\gwscistud\stud\g00308303\documents\visual studio 2010\Projects\pointerslab\Debug\pointerslab.exe not found or not built by the last incremental link; performing full link
         pointerslab.vcxproj -> \\gwscistud\stud\g00308303\documents\visual studio 2010\Projects\pointerslab\Debug\pointerslab.exe
       Manifest:
         C:\Program Files (x86)\Microsoft SDKs\Windows\v7.0A\bin\mt.exe /nologo /verbose /outputresource:"\\gwscistud\stud\g00308303\documents\visual studio 2010\Projects\pointerslab\Debug\pointerslab.exe;#1" /manifest Debug\pointerslab.exe.intermediate.manifest
       FinalizeBuildStatus:
         Deleting file "Debug\pointerslab.unsuccessfulbuild".
         Touching "Debug\pointerslab.lastbuildstate".
     1>Done Building Project "\\gwscistud\stud\g00308303\documents\visual studio 2010\Projects\pointerslab\pointerslab\pointerslab.vcxproj" (build target(s)).

Build succeeded.

Time Elapsed 00:00:01.38
