Build started 10/02/2015 10:53:45.
     1>Project "\\gwscistud\stud\G00308303\Documents\Visual Studio 2010\Projects\structures\structures\structures.vcxproj" on node 2 (build target(s)).
     1>InitializeBuildStatus:
         Creating "Debug\structures.unsuccessfulbuild" because "AlwaysCreate" was specified.
       ClCompile:
         c:\Program Files (x86)\Microsoft Visual Studio 10.0\VC\bin\CL.exe /c /ZI /nologo /W3 /WX- /Od /Oy- /D _MBCS /Gm /EHsc /RTC1 /MDd /GS /fp:precise /Zc:wchar_t /Zc:forScope /Fo"Debug\\" /Fd"Debug\vc100.pdb" /Gd /TC /analyze- /errorReport:prompt structure.c
         structure.c
     1>\\gwscistud\stud\g00308303\documents\visual studio 2010\projects\structures\structures\structure.c(32): warning C4996: 'strcpy': This function or variable may be unsafe. Consider using strcpy_s instead. To disable deprecation, use _CRT_SECURE_NO_WARNINGS. See online help for details.
                 c:\program files (x86)\microsoft visual studio 10.0\vc\include\string.h(105) : see declaration of 'strcpy'
     1>\\gwscistud\stud\g00308303\documents\visual studio 2010\projects\structures\structures\structure.c(33): warning C4996: 'strcpy': This function or variable may be unsafe. Consider using strcpy_s instead. To disable deprecation, use _CRT_SECURE_NO_WARNINGS. See online help for details.
                 c:\program files (x86)\microsoft visual studio 10.0\vc\include\string.h(105) : see declaration of 'strcpy'
     1>\\gwscistud\stud\g00308303\documents\visual studio 2010\projects\structures\structures\structure.c(44): warning C4996: 'scanf': This function or variable may be unsafe. Consider using scanf_s instead. To disable deprecation, use _CRT_SECURE_NO_WARNINGS. See online help for details.
                 c:\program files (x86)\microsoft visual studio 10.0\vc\include\stdio.h(304) : see declaration of 'scanf'
     1>\\gwscistud\stud\g00308303\documents\visual studio 2010\projects\structures\structures\structure.c(48): warning C4996: 'scanf': This function or variable may be unsafe. Consider using scanf_s instead. To disable deprecation, use _CRT_SECURE_NO_WARNINGS. See online help for details.
                 c:\program files (x86)\microsoft visual studio 10.0\vc\include\stdio.h(304) : see declaration of 'scanf'
     1>\\gwscistud\stud\g00308303\documents\visual studio 2010\projects\structures\structures\structure.c(50): warning C4996: 'scanf': This function or variable may be unsafe. Consider using scanf_s instead. To disable deprecation, use _CRT_SECURE_NO_WARNINGS. See online help for details.
                 c:\program files (x86)\microsoft visual studio 10.0\vc\include\stdio.h(304) : see declaration of 'scanf'
     1>\\gwscistud\stud\g00308303\documents\visual studio 2010\projects\structures\structures\structure.c(52): warning C4996: 'scanf': This function or variable may be unsafe. Consider using scanf_s instead. To disable deprecation, use _CRT_SECURE_NO_WARNINGS. See online help for details.
                 c:\program files (x86)\microsoft visual studio 10.0\vc\include\stdio.h(304) : see declaration of 'scanf'
     1>\\gwscistud\stud\g00308303\documents\visual studio 2010\projects\structures\structures\structure.c(54): warning C4996: 'scanf': This function or variable may be unsafe. Consider using scanf_s instead. To disable deprecation, use _CRT_SECURE_NO_WARNINGS. See online help for details.
                 c:\program files (x86)\microsoft visual studio 10.0\vc\include\stdio.h(304) : see declaration of 'scanf'
     1>\\gwscistud\stud\g00308303\documents\visual studio 2010\projects\structures\structures\structure.c(56): warning C4996: 'scanf': This function or variable may be unsafe. Consider using scanf_s instead. To disable deprecation, use _CRT_SECURE_NO_WARNINGS. See online help for details.
                 c:\program files (x86)\microsoft visual studio 10.0\vc\include\stdio.h(304) : see declaration of 'scanf'
     1>\\gwscistud\stud\g00308303\documents\visual studio 2010\projects\structures\structures\structure.c(58): warning C4996: 'scanf': This function or variable may be unsafe. Consider using scanf_s instead. To disable deprecation, use _CRT_SECURE_NO_WARNINGS. See online help for details.
                 c:\program files (x86)\microsoft visual studio 10.0\vc\include\stdio.h(304) : see declaration of 'scanf'
     1>\\gwscistud\stud\g00308303\documents\visual studio 2010\projects\structures\structures\structure.c(60): warning C4996: 'scanf': This function or variable may be unsafe. Consider using scanf_s instead. To disable deprecation, use _CRT_SECURE_NO_WARNINGS. See online help for details.
                 c:\program files (x86)\microsoft visual studio 10.0\vc\include\stdio.h(304) : see declaration of 'scanf'
     1>\\gwscistud\stud\g00308303\documents\visual studio 2010\projects\structures\structures\structure.c(95): warning C4996: 'scanf': This function or variable may be unsafe. Consider using scanf_s instead. To disable deprecation, use _CRT_SECURE_NO_WARNINGS. See online help for details.
                 c:\program files (x86)\microsoft visual studio 10.0\vc\include\stdio.h(304) : see declaration of 'scanf'
     1>\\gwscistud\stud\g00308303\documents\visual studio 2010\projects\structures\structures\structure.c(113): warning C4996: 'scanf': This function or variable may be unsafe. Consider using scanf_s instead. To disable deprecation, use _CRT_SECURE_NO_WARNINGS. See online help for details.
                 c:\program files (x86)\microsoft visual studio 10.0\vc\include\stdio.h(304) : see declaration of 'scanf'
     1>\\gwscistud\stud\g00308303\documents\visual studio 2010\projects\structures\structures\structure.c(115): warning C4996: 'scanf': This function or variable may be unsafe. Consider using scanf_s instead. To disable deprecation, use _CRT_SECURE_NO_WARNINGS. See online help for details.
                 c:\program files (x86)\microsoft visual studio 10.0\vc\include\stdio.h(304) : see declaration of 'scanf'
     1>\\gwscistud\stud\g00308303\documents\visual studio 2010\projects\structures\structures\structure.c(117): warning C4996: 'scanf': This function or variable may be unsafe. Consider using scanf_s instead. To disable deprecation, use _CRT_SECURE_NO_WARNINGS. See online help for details.
                 c:\program files (x86)\microsoft visual studio 10.0\vc\include\stdio.h(304) : see declaration of 'scanf'
     1>\\gwscistud\stud\g00308303\documents\visual studio 2010\projects\structures\structures\structure.c(119): warning C4996: 'scanf': This function or variable may be unsafe. Consider using scanf_s instead. To disable deprecation, use _CRT_SECURE_NO_WARNINGS. See online help for details.
                 c:\program files (x86)\microsoft visual studio 10.0\vc\include\stdio.h(304) : see declaration of 'scanf'
     1>\\gwscistud\stud\g00308303\documents\visual studio 2010\projects\structures\structures\structure.c(121): warning C4996: 'scanf': This function or variable may be unsafe. Consider using scanf_s instead. To disable deprecation, use _CRT_SECURE_NO_WARNINGS. See online help for details.
                 c:\program files (x86)\microsoft visual studio 10.0\vc\include\stdio.h(304) : see declaration of 'scanf'
     1>\\gwscistud\stud\g00308303\documents\visual studio 2010\projects\structures\structures\structure.c(123): warning C4996: 'scanf': This function or variable may be unsafe. Consider using scanf_s instead. To disable deprecation, use _CRT_SECURE_NO_WARNINGS. See online help for details.
                 c:\program files (x86)\microsoft visual studio 10.0\vc\include\stdio.h(304) : see declaration of 'scanf'
     1>\\gwscistud\stud\g00308303\documents\visual studio 2010\projects\structures\structures\structure.c(125): warning C4996: 'scanf': This function or variable may be unsafe. Consider using scanf_s instead. To disable deprecation, use _CRT_SECURE_NO_WARNINGS. See online help for details.
                 c:\program files (x86)\microsoft visual studio 10.0\vc\include\stdio.h(304) : see declaration of 'scanf'
     1>\\gwscistud\stud\g00308303\documents\visual studio 2010\projects\structures\structures\structure.c(130): warning C4996: 'scanf': This function or variable may be unsafe. Consider using scanf_s instead. To disable deprecation, use _CRT_SECURE_NO_WARNINGS. See online help for details.
                 c:\program files (x86)\microsoft visual studio 10.0\vc\include\stdio.h(304) : see declaration of 'scanf'
     1>\\gwscistud\stud\g00308303\documents\visual studio 2010\projects\structures\structures\structure.c(135): warning C4996: 'scanf': This function or variable may be unsafe. Consider using scanf_s instead. To disable deprecation, use _CRT_SECURE_NO_WARNINGS. See online help for details.
                 c:\program files (x86)\microsoft visual studio 10.0\vc\include\stdio.h(304) : see declaration of 'scanf'
     1>\\gwscistud\stud\g00308303\documents\visual studio 2010\projects\structures\structures\structure.c(141): warning C4996: 'scanf': This function or variable may be unsafe. Consider using scanf_s instead. To disable deprecation, use _CRT_SECURE_NO_WARNINGS. See online help for details.
                 c:\program files (x86)\microsoft visual studio 10.0\vc\include\stdio.h(304) : see declaration of 'scanf'
     1>\\gwscistud\stud\g00308303\documents\visual studio 2010\projects\structures\structures\structure.c(159): warning C4996: 'scanf': This function or variable may be unsafe. Consider using scanf_s instead. To disable deprecation, use _CRT_SECURE_NO_WARNINGS. See online help for details.
                 c:\program files (x86)\microsoft visual studio 10.0\vc\include\stdio.h(304) : see declaration of 'scanf'
     1>\\gwscistud\stud\g00308303\documents\visual studio 2010\projects\structures\structures\structure.c(163): warning C4996: 'strcpy': This function or variable may be unsafe. Consider using strcpy_s instead. To disable deprecation, use _CRT_SECURE_NO_WARNINGS. See online help for details.
                 c:\program files (x86)\microsoft visual studio 10.0\vc\include\string.h(105) : see declaration of 'strcpy'
     1>\\gwscistud\stud\g00308303\documents\visual studio 2010\projects\structures\structures\structure.c(164): warning C4996: 'strcpy': This function or variable may be unsafe. Consider using strcpy_s instead. To disable deprecation, use _CRT_SECURE_NO_WARNINGS. See online help for details.
                 c:\program files (x86)\microsoft visual studio 10.0\vc\include\string.h(105) : see declaration of 'strcpy'
     1>\\gwscistud\stud\g00308303\documents\visual studio 2010\projects\structures\structures\structure.c(79): warning C4101: 'bk_nm' : unreferenced local variable
     1>\\gwscistud\stud\g00308303\documents\visual studio 2010\projects\structures\structures\structure.c(79): warning C4101: 'ar_nm' : unreferenced local variable
       Link:
         c:\Program Files (x86)\Microsoft Visual Studio 10.0\VC\bin\link.exe /ERRORREPORT:PROMPT /OUT:"\\gwscistud\stud\G00308303\Documents\Visual Studio 2010\Projects\structures\Debug\structures.exe" /NOLOGO kernel32.lib user32.lib gdi32.lib winspool.lib comdlg32.lib advapi32.lib shell32.lib ole32.lib oleaut32.lib uuid.lib odbc32.lib odbccp32.lib /MANIFEST /ManifestFile:"Debug\structures.exe.intermediate.manifest" /MANIFESTUAC:"level='asInvoker' uiAccess='false'" /DEBUG /PDB:"\\gwscistud\stud\G00308303\Documents\Visual Studio 2010\Projects\structures\Debug\structures.pdb" /TLBID:1 /DYNAMICBASE /NXCOMPAT /IMPLIB:"\\gwscistud\stud\G00308303\Documents\Visual Studio 2010\Projects\structures\Debug\structures.lib" /MACHINE:X86 Debug\structure.obj
         LINK : \\gwscistud\stud\G00308303\Documents\Visual Studio 2010\Projects\structures\Debug\structures.exe not found or not built by the last incremental link; performing full link
         structures.vcxproj -> \\gwscistud\stud\G00308303\Documents\Visual Studio 2010\Projects\structures\Debug\structures.exe
       Manifest:
         C:\Program Files (x86)\Microsoft SDKs\Windows\v7.0A\bin\mt.exe /nologo /verbose /outputresource:"\\gwscistud\stud\G00308303\Documents\Visual Studio 2010\Projects\structures\Debug\structures.exe;#1" /manifest Debug\structures.exe.intermediate.manifest
       FinalizeBuildStatus:
         Deleting file "Debug\structures.unsuccessfulbuild".
         Touching "Debug\structures.lastbuildstate".
     1>Done Building Project "\\gwscistud\stud\G00308303\Documents\Visual Studio 2010\Projects\structures\structures\structures.vcxproj" (build target(s)).

Build succeeded.

Time Elapsed 00:00:00.94
