Build started 27/01/2015 10:18:38.
     1>Project "\\gwscistud\stud\g00308303\documents\visual studio 2010\Projects\dynamic memory 1\dynamic memory 1\dynamic memory 1.vcxproj" on node 2 (build target(s)).
     1>InitializeBuildStatus:
         Creating "Debug\dynamic memory 1.unsuccessfulbuild" because "AlwaysCreate" was specified.
       ClCompile:
         c:\Program Files (x86)\Microsoft Visual Studio 10.0\VC\bin\CL.exe /c /ZI /nologo /W3 /WX- /Od /Oy- /D _MBCS /Gm /EHsc /RTC1 /MDd /GS /fp:precise /Zc:wchar_t /Zc:forScope /Fo"Debug\\" /Fd"Debug\vc100.pdb" /Gd /TC /analyze- /errorReport:prompt dma1.c
         dma1.c
     1>\\gwscistud\stud\g00308303\documents\visual studio 2010\projects\dynamic memory 1\dynamic memory 1\dma1.c(9): warning C4996: 'scanf': This function or variable may be unsafe. Consider using scanf_s instead. To disable deprecation, use _CRT_SECURE_NO_WARNINGS. See online help for details.
                 c:\program files (x86)\microsoft visual studio 10.0\vc\include\stdio.h(304) : see declaration of 'scanf'
     1>\\gwscistud\stud\g00308303\documents\visual studio 2010\projects\dynamic memory 1\dynamic memory 1\dma1.c(18): warning C4996: 'scanf': This function or variable may be unsafe. Consider using scanf_s instead. To disable deprecation, use _CRT_SECURE_NO_WARNINGS. See online help for details.
                 c:\program files (x86)\microsoft visual studio 10.0\vc\include\stdio.h(304) : see declaration of 'scanf'
       Link:
         c:\Program Files (x86)\Microsoft Visual Studio 10.0\VC\bin\link.exe /ERRORREPORT:PROMPT /OUT:"\\gwscistud\stud\g00308303\documents\visual studio 2010\Projects\dynamic memory 1\Debug\dynamic memory 1.exe" /NOLOGO kernel32.lib user32.lib gdi32.lib winspool.lib comdlg32.lib advapi32.lib shell32.lib ole32.lib oleaut32.lib uuid.lib odbc32.lib odbccp32.lib /MANIFEST /ManifestFile:"Debug\dynamic memory 1.exe.intermediate.manifest" /MANIFESTUAC:"level='asInvoker' uiAccess='false'" /DEBUG /PDB:"\\gwscistud\stud\g00308303\documents\visual studio 2010\Projects\dynamic memory 1\Debug\dynamic memory 1.pdb" /TLBID:1 /DYNAMICBASE /NXCOMPAT /IMPLIB:"\\gwscistud\stud\g00308303\documents\visual studio 2010\Projects\dynamic memory 1\Debug\dynamic memory 1.lib" /MACHINE:X86 Debug\dma1.obj
         LINK : \\gwscistud\stud\g00308303\documents\visual studio 2010\Projects\dynamic memory 1\Debug\dynamic memory 1.exe not found or not built by the last incremental link; performing full link
         dynamic memory 1.vcxproj -> \\gwscistud\stud\g00308303\documents\visual studio 2010\Projects\dynamic memory 1\Debug\dynamic memory 1.exe
       Manifest:
         C:\Program Files (x86)\Microsoft SDKs\Windows\v7.0A\bin\mt.exe /nologo /verbose /outputresource:"\\gwscistud\stud\g00308303\documents\visual studio 2010\Projects\dynamic memory 1\Debug\dynamic memory 1.exe;#1" /manifest "Debug\dynamic memory 1.exe.intermediate.manifest"
       FinalizeBuildStatus:
         Deleting file "Debug\dynamic memory 1.unsuccessfulbuild".
         Touching "Debug\dynamic memory 1.lastbuildstate".
     1>Done Building Project "\\gwscistud\stud\g00308303\documents\visual studio 2010\Projects\dynamic memory 1\dynamic memory 1\dynamic memory 1.vcxproj" (build target(s)).

Build succeeded.

Time Elapsed 00:00:00.92
